Release 12.1 - xst M.53d (lin)
Copyright (c) 1995-2010 Xilinx, Inc.  All rights reserved.
--> 
Parameter TMPDIR set to xst/projnav.tmp


Total REAL time to Xst completion: 0.00 secs
Total CPU time to Xst completion: 0.05 secs
 
--> 
Parameter xsthdpdir set to xst


Total REAL time to Xst completion: 0.00 secs
Total CPU time to Xst completion: 0.05 secs
 
--> 
Reading design: router_fsm.prj

TABLE OF CONTENTS
  1) Synthesis Options Summary
  2) HDL Compilation
  3) Design Hierarchy Analysis
  4) HDL Analysis
  5) HDL Synthesis
     5.1) HDL Synthesis Report
  6) Advanced HDL Synthesis
     6.1) Advanced HDL Synthesis Report
  7) Low Level Synthesis
  8) Partition Report
  9) Final Report
	9.1) Device utilization summary
	9.2) Partition Resource Summary
	9.3) TIMING REPORT


=========================================================================
*                      Synthesis Options Summary                        *
=========================================================================
---- Source Parameters
Input File Name                    : "router_fsm.prj"
Input Format                       : mixed
Ignore Synthesis Constraint File   : NO

---- Target Parameters
Output File Name                   : "router_fsm"
Output Format                      : NGC
Target Device                      : xc3s200-5-pq208

---- Source Options
Top Module Name                    : router_fsm
Automatic FSM Extraction           : YES
FSM Encoding Algorithm             : Auto
Safe Implementation                : No
FSM Style                          : lut
RAM Extraction                     : Yes
RAM Style                          : Auto
ROM Extraction                     : Yes
Mux Style                          : Auto
Decoder Extraction                 : YES
Priority Encoder Extraction        : YES
Shift Register Extraction          : YES
Logical Shifter Extraction         : YES
XOR Collapsing                     : YES
ROM Style                          : Auto
Mux Extraction                     : YES
Resource Sharing                   : YES
Asynchronous To Synchronous        : NO
Multiplier Style                   : auto
Automatic Register Balancing       : No

---- Target Options
Add IO Buffers                     : YES
Global Maximum Fanout              : 500
Add Generic Clock Buffer(BUFG)     : 8
Register Duplication               : YES
Slice Packing                      : YES
Optimize Instantiated Primitives   : NO
Use Clock Enable                   : Yes
Use Synchronous Set                : Yes
Use Synchronous Reset              : Yes
Pack IO Registers into IOBs        : auto
Equivalent register Removal        : YES

---- General Options
Optimization Goal                  : Speed
Optimization Effort                : 1
Library Search Order               : router_fsm.lso
Keep Hierarchy                     : NO
Netlist Hierarchy                  : as_optimized
RTL Output                         : Yes
Global Optimization                : AllClockNets
Read Cores                         : YES
Write Timing Constraints           : NO
Cross Clock Analysis               : NO
Hierarchy Separator                : /
Bus Delimiter                      : <>
Case Specifier                     : maintain
Slice Utilization Ratio            : 100
BRAM Utilization Ratio             : 100
Verilog 2001                       : YES
Auto BRAM Packing                  : NO
Slice Utilization Ratio Delta      : 5

=========================================================================


=========================================================================
*                          HDL Compilation                              *
=========================================================================
Compiling verilog file "../../rtl/router_fsm.v" in library work
Module <router_fsm> compiled
No errors in compilation
Analysis of file <"router_fsm.prj"> succeeded.
 

=========================================================================
*                     Design Hierarchy Analysis                         *
=========================================================================
Analyzing hierarchy for module <router_fsm> in library <work> with parameters.
	CHECK_PARITY_ERROR = "111"
	DECODE_ADDRESS = "000"
	FIFO_FULL_STATE = "101"
	LOAD_AFTER_FULL = "110"
	LOAD_DATA = "011"
	LOAD_FIRST_DATA = "010"
	LOAD_PARITY = "100"
	WAIT_TILL_EMPTY = "001"


=========================================================================
*                            HDL Analysis                               *
=========================================================================
Analyzing top module <router_fsm>.
	CHECK_PARITY_ERROR = 3'b111
	DECODE_ADDRESS = 3'b000
	FIFO_FULL_STATE = 3'b101
	LOAD_AFTER_FULL = 3'b110
	LOAD_DATA = 3'b011
	LOAD_FIRST_DATA = 3'b010
	LOAD_PARITY = 3'b100
	WAIT_TILL_EMPTY = 3'b001
Module <router_fsm> is correct for synthesis.
 

=========================================================================
*                           HDL Synthesis                               *
=========================================================================

Performing bidirectional port resolution...

Synthesizing Unit <router_fsm>.
    Related source file is "../../rtl/router_fsm.v".
INFO:Xst:2117 - HDL ADVISOR - Mux Selector <state> of Case statement line 23 was re-encoded using one-hot encoding. The case statement will be optimized (default statement optimization), but this optimization may lead to design initialization problems. To ensure the design works safely, you can:
   	- add an 'INIT' attribute on signal <state> (optimization is then done without any risk)
   	- use the attribute 'signal_encoding user' to avoid onehot optimization
   	- use the attribute 'safe_implementation yes' to force XST to perform a safe (but less efficient) optimization
    Found finite state machine <FSM_0> for signal <state>.
    -----------------------------------------------------------------------
    | States             | 8                                              |
    | Transitions        | 28                                             |
    | Inputs             | 10                                             |
    | Outputs            | 8                                              |
    | Clock              | clock                     (rising_edge)        |
    | Reset              | state$or0000              (positive)           |
    | Reset type         | synchronous                                    |
    | Reset State        | 000                                            |
    | Encoding           | automatic                                      |
    | Implementation     | LUT                                            |
    -----------------------------------------------------------------------
    Summary:
	inferred   1 Finite State Machine(s).
Unit <router_fsm> synthesized.


=========================================================================
HDL Synthesis Report

Found no macro
=========================================================================

=========================================================================
*                       Advanced HDL Synthesis                          *
=========================================================================

Analyzing FSM <FSM_0> for best encoding.
Optimizing FSM <state/FSM> on signal <state[1:3]> with gray encoding.
-------------------
 State | Encoding
-------------------
 000   | 000
 001   | 011
 010   | 001
 011   | 010
 100   | 111
 101   | 110
 110   | 100
 111   | 101
-------------------

=========================================================================
Advanced HDL Synthesis Report

Macro Statistics
# FSMs                                                 : 1

=========================================================================

=========================================================================
*                         Low Level Synthesis                           *
=========================================================================

Optimizing unit <router_fsm> ...

Mapping all equations...
Building and optimizing final netlist ...
Found area constraint ratio of 100 (+ 5) on block router_fsm, actual ratio is 0.

Final Macro Processing ...

=========================================================================
Final Register Report

Macro Statistics
# Registers                                            : 3
 Flip-Flops                                            : 3

=========================================================================

=========================================================================
*                           Partition Report                            *
=========================================================================

Partition Implementation Status
-------------------------------

  No Partitions were found in this design.

-------------------------------

=========================================================================
*                            Final Report                               *
=========================================================================
Final Results
RTL Top Level Output File Name     : router_fsm.ngr
Top Level Output File Name         : router_fsm
Output Format                      : NGC
Optimization Goal                  : Speed
Keep Hierarchy                     : NO

Design Statistics
# IOs                              : 22

Cell Usage :
# BELS                             : 24
#      LUT2                        : 1
#      LUT3                        : 9
#      LUT3_L                      : 1
#      LUT4                        : 10
#      LUT4_L                      : 1
#      MUXF5                       : 2
# FlipFlops/Latches                : 3
#      FDR                         : 2
#      FDRS                        : 1
# Clock Buffers                    : 1
#      BUFGP                       : 1
# IO Buffers                       : 21
#      IBUF                        : 13
#      OBUF                        : 8
=========================================================================

Device utilization summary:
---------------------------

Selected Device : 3s200pq208-5 

 Number of Slices:                       12  out of   1920     0%  
 Number of Slice Flip Flops:              3  out of   3840     0%  
 Number of 4 input LUTs:                 22  out of   3840     0%  
 Number of IOs:                          22
 Number of bonded IOBs:                  22  out of    141    15%  
 Number of GCLKs:                         1  out of      8    12%  

---------------------------
Partition Resource Summary:
---------------------------

  No Partitions were found in this design.

---------------------------


=========================================================================
TIMING REPORT

NOTE: THESE TIMING NUMBERS ARE ONLY A SYNTHESIS ESTIMATE.
      FOR ACCURATE TIMING INFORMATION PLEASE REFER TO THE TRACE REPORT
      GENERATED AFTER PLACE-and-ROUTE.

Clock Information:
------------------
-----------------------------------+------------------------+-------+
Clock Signal                       | Clock buffer(FF name)  | Load  |
-----------------------------------+------------------------+-------+
clock                              | BUFGP                  | 3     |
-----------------------------------+------------------------+-------+

Asynchronous Control Signals Information:
----------------------------------------
No asynchronous control signals found in this design

Timing Summary:
---------------
Speed Grade: -5

   Minimum period: 4.297ns (Maximum Frequency: 232.739MHz)
   Minimum input arrival time before clock: 5.082ns
   Maximum output required time after clock: 8.000ns
   Maximum combinational path delay: 7.850ns

Timing Detail:
--------------
All values displayed in nanoseconds (ns)

=========================================================================
Timing constraint: Default period analysis for Clock 'clock'
  Clock period: 4.297ns (frequency: 232.739MHz)
  Total number of paths / destination ports: 17 / 4
-------------------------------------------------------------------------
Delay:               4.297ns (Levels of Logic = 2)
  Source:            state_FSM_FFd1 (FF)
  Destination:       state_FSM_FFd2 (FF)
  Source Clock:      clock rising
  Destination Clock: clock rising

  Data Path: state_FSM_FFd1 to state_FSM_FFd2
                                Gate     Net
    Cell:in->out      fanout   Delay   Delay  Logical Name (Net Name)
    ----------------------------------------  ------------
     FDR:C->Q             15   0.626   1.305  state_FSM_FFd1 (state_FSM_FFd1)
     LUT4:I0->O            1   0.479   0.000  state_FSM_FFd2-In27_F (N24)
     MUXF5:I0->O           1   0.314   0.681  state_FSM_FFd2-In27 (state_FSM_FFd2-In27)
     FDRS:S                    0.892          state_FSM_FFd2
    ----------------------------------------
    Total                      4.297ns (2.311ns logic, 1.986ns route)
                                       (53.8% logic, 46.2% route)

=========================================================================
Timing constraint: Default OFFSET IN BEFORE for Clock 'clock'
  Total number of paths / destination ports: 38 / 7
-------------------------------------------------------------------------
Offset:              5.082ns (Levels of Logic = 4)
  Source:            pkt_valid (PAD)
  Destination:       state_FSM_FFd3 (FF)
  Destination Clock: clock rising

  Data Path: pkt_valid to state_FSM_FFd3
                                Gate     Net
    Cell:in->out      fanout   Delay   Delay  Logical Name (Net Name)
    ----------------------------------------  ------------
     IBUF:I->O             4   0.715   1.074  pkt_valid_IBUF (pkt_valid_IBUF)
     LUT3:I0->O            1   0.479   0.976  state_FSM_FFd3-In43_SW0 (N18)
     LUT4:I0->O            1   0.479   0.704  state_FSM_FFd3-In43 (state_FSM_FFd3-In43)
     LUT4:I3->O            1   0.479   0.000  state_FSM_FFd3-In66 (state_FSM_FFd3-In)
     FDR:D                     0.176          state_FSM_FFd3
    ----------------------------------------
    Total                      5.082ns (2.328ns logic, 2.754ns route)
                                       (45.8% logic, 54.2% route)

=========================================================================
Timing constraint: Default OFFSET OUT AFTER for Clock 'clock'
  Total number of paths / destination ports: 23 / 8
-------------------------------------------------------------------------
Offset:              8.000ns (Levels of Logic = 2)
  Source:            state_FSM_FFd1 (FF)
  Destination:       laf_state (PAD)
  Source Clock:      clock rising

  Data Path: state_FSM_FFd1 to laf_state
                                Gate     Net
    Cell:in->out      fanout   Delay   Delay  Logical Name (Net Name)
    ----------------------------------------  ------------
     FDR:C->Q             15   0.626   1.305  state_FSM_FFd1 (state_FSM_FFd1)
     LUT2:I0->O            1   0.479   0.681  state_FSM_Out71 (busy_OBUF)
     OBUF:I->O                 4.909          busy_OBUF (busy)
    ----------------------------------------
    Total                      8.000ns (6.014ns logic, 1.986ns route)
                                       (75.2% logic, 24.8% route)

=========================================================================
Timing constraint: Default path analysis
  Total number of paths / destination ports: 1 / 1
-------------------------------------------------------------------------
Delay:               7.850ns (Levels of Logic = 3)
  Source:            low_packet_valid (PAD)
  Destination:       rst_int_reg (PAD)

  Data Path: low_packet_valid to rst_int_reg
                                Gate     Net
    Cell:in->out      fanout   Delay   Delay  Logical Name (Net Name)
    ----------------------------------------  ------------
     IBUF:I->O             3   0.715   1.066  low_packet_valid_IBUF (low_packet_valid_IBUF)
     LUT4:I0->O            1   0.479   0.681  rst_int_reg1 (rst_int_reg_OBUF)
     OBUF:I->O                 4.909          rst_int_reg_OBUF (rst_int_reg)
    ----------------------------------------
    Total                      7.850ns (6.103ns logic, 1.747ns route)
                                       (77.7% logic, 22.3% route)

=========================================================================


Total REAL time to Xst completion: 3.00 secs
Total CPU time to Xst completion: 2.83 secs
 
--> 


Total memory usage is 146456 kilobytes

Number of errors   :    0 (   0 filtered)
Number of warnings :    0 (   0 filtered)
Number of infos    :    1 (   0 filtered)

